0 info it worked if it ends with ok
1 verbose cli [ '/Users/felipeskroski/.nvm/versions/node/v6.9.3/bin/node',
1 verbose cli   '/Users/felipeskroski/.nvm/versions/node/v6.9.3/bin/npm',
1 verbose cli   'run',
1 verbose cli   'minify' ]
2 info using npm@4.1.1
3 info using node@v6.9.3
4 verbose run-script [ 'preminify', 'minify', 'postminify' ]
5 info lifecycle maps-p6@1.0.0~preminify: maps-p6@1.0.0
6 silly lifecycle maps-p6@1.0.0~preminify: no script for preminify, continuing
7 info lifecycle maps-p6@1.0.0~minify: maps-p6@1.0.0
8 verbose lifecycle maps-p6@1.0.0~minify: unsafe-perm in lifecycle true
9 verbose lifecycle maps-p6@1.0.0~minify: PATH: /Users/felipeskroski/.nvm/versions/node/v6.9.3/lib/node_modules/npm/bin/node-gyp-bin:/Users/felipeskroski/Developer/udacity-FS-nanodegree/maps-p6/node_modules/.bin:/Users/felipeskroski/Downloads/google-cloud-sdk/bin:/Users/felipeskroski/.nvm/versions/node/v6.9.3/bin:/Library/Frameworks/Python.framework/Versions/3.5/bin:./node_modules/.bin:/usr/local/bin:/Users/felipeskroski/.rvm/gems/ruby-2.1.3/bin:/Users/felipeskroski/.rvm/gems/ruby-2.1.3@global/bin:/Users/felipeskroski/.rvm/rubies/ruby-2.1.3/bin:/usr/local/bin:/usr/bin:/bin:/usr/sbin:/sbin:/Users/felipeskroski/Library/Android/sdk/tools:/Users/felipeskroski/Library/Android/sdk/platform-tools:/Users/felipeskroski/.rvm/bin
10 verbose lifecycle maps-p6@1.0.0~minify: CWD: /Users/felipeskroski/Developer/udacity-FS-nanodegree/maps-p6
11 silly lifecycle maps-p6@1.0.0~minify: Args: [ '-c',
11 silly lifecycle   'webpack --optimize-minimize resp. new webpack.optimize.UglifyJsPlugin()' ]
12 silly lifecycle maps-p6@1.0.0~minify: Returned: code: 2  signal: null
13 info lifecycle maps-p6@1.0.0~minify: Failed to exec minify script
14 verbose stack Error: maps-p6@1.0.0 minify: `webpack --optimize-minimize resp. new webpack.optimize.UglifyJsPlugin()`
14 verbose stack Exit status 2
14 verbose stack     at EventEmitter.<anonymous> (/Users/felipeskroski/.nvm/versions/node/v6.9.3/lib/node_modules/npm/lib/utils/lifecycle.js:279:16)
14 verbose stack     at emitTwo (events.js:106:13)
14 verbose stack     at EventEmitter.emit (events.js:191:7)
14 verbose stack     at ChildProcess.<anonymous> (/Users/felipeskroski/.nvm/versions/node/v6.9.3/lib/node_modules/npm/lib/utils/spawn.js:40:14)
14 verbose stack     at emitTwo (events.js:106:13)
14 verbose stack     at ChildProcess.emit (events.js:191:7)
14 verbose stack     at maybeClose (internal/child_process.js:877:16)
14 verbose stack     at Process.ChildProcess._handle.onexit (internal/child_process.js:226:5)
15 verbose pkgid maps-p6@1.0.0
16 verbose cwd /Users/felipeskroski/Developer/udacity-FS-nanodegree/maps-p6
17 error Darwin 15.6.0
18 error argv "/Users/felipeskroski/.nvm/versions/node/v6.9.3/bin/node" "/Users/felipeskroski/.nvm/versions/node/v6.9.3/bin/npm" "run" "minify"
19 error node v6.9.3
20 error npm  v4.1.1
21 error code ELIFECYCLE
22 error maps-p6@1.0.0 minify: `webpack --optimize-minimize resp. new webpack.optimize.UglifyJsPlugin()`
22 error Exit status 2
23 error Failed at the maps-p6@1.0.0 minify script 'webpack --optimize-minimize resp. new webpack.optimize.UglifyJsPlugin()'.
23 error Make sure you have the latest version of node.js and npm installed.
23 error If you do, this is most likely a problem with the maps-p6 package,
23 error not with npm itself.
23 error Tell the author that this fails on your system:
23 error     webpack --optimize-minimize resp. new webpack.optimize.UglifyJsPlugin()
23 error You can get information on how to open an issue for this project with:
23 error     npm bugs maps-p6
23 error Or if that isn't available, you can get their info via:
23 error     npm owner ls maps-p6
23 error There is likely additional logging output above.
24 verbose exit [ 1, true ]
